Starting trading analysis...
Starting trading analysis...
Starting trading analysis...
Starting trading analysis...
Starting trading analysis...
Starting trading analysis...
2025-01-14 02:47:24 - __main__ - INFO - Loading historical kline data...
2025-01-14 02:47:26 - __main__ - INFO - Historical kline data loaded successfully.
2025-01-14 02:49:07 - __main__ - INFO - Loading historical kline data...
2025-01-14 02:49:09 - __main__ - INFO - Historical kline data loaded successfully.
2025-01-14 02:50:32 - __main__ - INFO - Loading historical kline data...
2025-01-14 02:50:34 - __main__ - INFO - Historical kline data loaded successfully.
2025-01-14 02:51:08 - __main__ - INFO - Loading historical kline data...
2025-01-14 02:51:10 - __main__ - INFO - Historical kline data loaded successfully.
2025-01-14 02:52:39 - __main__ - INFO - Loading historical kline data...
2025-01-14 02:52:48 - __main__ - INFO - Historical kline data loaded successfully.
2025-01-14 02:52:50 - __main__ - WARNING - Analysis results are empty. Skipping display.
2025-01-14 02:53:51 - __main__ - WARNING - Analysis results are empty. Skipping display.
2025-01-14 02:54:51 - __main__ - WARNING - Analysis results are empty. Skipping display.
2025-01-14 02:55:40 - __main__ - INFO - Loading historical kline data...
2025-01-14 02:55:42 - __main__ - INFO - Historical kline data loaded successfully.
2025-01-14 02:55:43 - __main__ - INFO - DataFrame is not empty. Continuing with analysis.
2025-01-14 02:55:44 - __main__ - INFO - DataFrame is not empty after calculating indicators. Continuing with analysis.
2025-01-14 08:04:10 - __main__ - INFO - Loading historical kline data...
2025-01-14 08:04:10 - __main__ - ERROR - Error fetching klines: You have breached the ip rate limit or your ip is from the usa. (ErrCode: 403) (ErrTime: 14:04:10).
Request → GET https://api.bybit.com/v5/market/kline: category=linear&interval=5&limit=1000&symbol=BTCUSDT.
2025-01-14 08:04:10 - __main__ - ERROR - Failed to load historical klines. Check the API connectivity and config
2025-01-14 08:04:10 - __main__ - ERROR - Error fetching current price: You have breached the ip rate limit or your ip is from the usa. (ErrCode: 403) (ErrTime: 14:04:10).
Request → GET https://api.bybit.com/v5/market/tickers: category=linear&symbol=BTCUSDT.
2025-01-14 08:04:10 - __main__ - WARNING - Failed to fetch current price. Skipping analysis.
2025-01-14 08:04:36 - __main__ - INFO - Loading historical kline data...
2025-01-14 08:04:43 - __main__ - INFO - Historical kline data loaded successfully.
2025-01-14 08:04:44 - __main__ - INFO - DataFrame is not empty. Continuing with analysis.
2025-01-14 08:04:45 - __main__ - INFO - DataFrame is not empty after calculating indicators. Continuing with analysis.
2025-01-14 08:10:24 - __main__ - INFO - Loading historical kline data...
2025-01-14 08:10:26 - __main__ - INFO - Historical kline data loaded successfully.
2025-01-14 08:10:28 - __main__ - INFO - DataFrame is not empty. Continuing with analysis.
2025-01-14 08:10:28 - __main__ - INFO - DataFrame is not empty after calculating indicators. Continuing with analysis.
